#
# A fatal error has been detected by the Java Runtime Environment:
#
#  EXCEPTION_ACCESS_VIOLATION (0xc0000005) at pc=0x0000023a3b93a993, pid=3920, tid=11260
#
# JRE version: OpenJDK Runtime Environment Temurin-17.0.1+12 (17.0.1+12) (build 17.0.1+12)
# Java VM: OpenJDK 64-Bit Server VM Temurin-17.0.1+12 (17.0.1+12, mixed mode, tiered, compressed oops, compressed class ptrs, g1 gc, windows-amd64)
# Problematic frame:
# v  ~BufferBlob::I2C/C2I adapters
#
# No core dump will be written. Minidumps are not enabled by default on client versions of Windows
#
# If you would like to submit a bug report, please visit:
#   https://github.com/adoptium/adoptium-support/issues
#

---------------  S U M M A R Y ------------

Command Line: -Dfile.encoding=UTF-8 -XX:+ShowCodeDetailsInExceptionMessages org.example.TpBiblioApplication

Host: Intel(R) Core(TM) i5-9400F CPU @ 2.90GHz, 6 cores, 31G,  Windows 10 , 64 bit Build 19041 (10.0.19041.2788)
Time: Thu Apr 13 11:01:20 2023 Paris, Madrid (heure duild 19041 (10.0.19041.2788) elapsed time: 1.030015 seconds (0d 0h 0m 1s)

---------------  T H R E A D  ---------------

Current thread (0x0000023a62b702f0):  JavaThread "Thread-0" [_thread_in_Java, id=11260, stack(0x00000049e5e00000,0x00000049e5f00000)]

Stack: [0x00000049e5e00000,0x00000049e5f00000],  sp=0x00000049e5efe228,  free space=1016k
Native frames: (J=compiled Java code, j=interpreted, Vv=VM code, C=native code)
C  0x0000023a3b93a993


siginfo: EXCEPTION_ACCESS_VIOLATION (0xc0000005), reading address 0xffffffffffffffff


Register to memory mapping:

RIP=0x0000023a3b93a993 is at code_begin+19 in an AdapterHandler
Adapter for signature: 0x0000023a3b93a993 is at code_begin+19 in 
[CodeBlob (0x0000023a3b93a910)]
Framesize: 0
BufferBlob (0x0000023a3b93a910) used for I2C/C2I adapters
RAX=0x00000049e5efe258 is pointing into the stack for thread: 0x0000023a62b702f0
RBX={method} {0x0000023a609a3588} 'verifyName' '(Ljava/lang/String;Ljava/lang/String;IIIIIILjdk/internal/jimage/ImageStrings;)Z' in 'jdk/internal/jimage/ImageLocation'
RCX=0x0000023a609a42e0 is pointing into metadata
RDX=0x0000023a3b839612 is at code_begin+1394 in an Interpreter codelet
return entry points  [0x0000023a3b8390a0, 0x0000023a3b839ba0]  2816 bytes
RSP=0x00000049e5efe228 is pointing into the stack for thread: 0x0000023a62b702f0
RBP=0x00000049e5efe2f0 is pointing into the stack for thread: 0x0000023a62b702f0
RSI=0x000000007ffa22bd is an unknown value
RDI=0x0000023a382f68c1 points into unknown readable memory: 00 0a 09 56 c8 1a 09
R8 =0x0 is NULL
R9 =0x0 is NULL
R10=0x00007fff914eb2f0 jvm.dll
R11=0x00000049e5efe258 is pointing into the stack for thread: 0x0000023a62b702f0
R12=0x0 is NULL
R13=0x00000049e5efe260 is pointing into the stack for thread: 0x0000023a62b702f0
R14=0x00000049e5efe318 is pointing into the stack for thread: 0x0000023a62b702f0
R15=0x0000023a62b702f0 is a thread


Registers:
RAX=0x00000049e5efe258, RBX=0x0000023a609a3580, RCX=0x0000023a609a42e0, RDX=0x0000023a3b839612
RSP=0x00000049e5efe228, RBP=0x00000049e5efe2f0, RSI=0x000000007ffa22bd, RDI=0x0000023a382f68c1
R8 =0x0000000000000000, R9 =0x0000000000000000, R10=0x00007fff914eb2f0, R11=0x00000049e5efe258
R12=0x0000000000000000, R13=0x00000049e5efe260, R14=0x00000049e5efe318, R15=0x0000023a62b702f0
RIP=0x0000023a3b93a993, EFLAGS=0x0000000000010206

Top of Stack: (sp=0x00000049e5efe228)
0x00000049e5efe228:   0000023a3b839612 0000023a609a2b51
0x00000049e5efe238:   00000049e5efe2b0 0000023a609a42e0
0x00000049e5efe248:   0000000000000000 0000000601603378
0x00000049e5efe258:   0000023a3b839612 00000006017179d8
0x00000049e5efe268:   0000000000000001 000000000004e2eb
0x00000049e5efe278:   000000000004e28f 000000000000010f
0x00000049e5efe288:   000000000000001a 0000000000000000
0x00000049e5efe298:   0000000603dc3058 0000000601639750
0x00000049e5efe2a8:   00000049e5efe2a8 0000023a609a336a
0x00000049e5efe2b8:   00000049e5efe318 0000023a609a42e0
0x00000049e5efe2c8:   0000000000000000 0000000601603378
0x00000049e5efe2d8:   0000023a609a33a8 00000049e5efe260
0x00000049e5efe2e8:   00000049e5efe300 00000049e5efe368
0x00000049e5efe2f8:   0000023a3b839612 00000006017179d8
0x00000049e5efe308:   0000000603dc3070 0000000603dc3058
0x00000049e5efe318:   0000000601639750 00000049e5efe320 

Instructions: (pc=0x0000023a3b93a993)
0x0000023a3b93a893:   00 00 00 00 00 00 00 00 00 00 00 00 00 00 00 00
0x0000023a3b93a8a3:   00 00 00 00 00 00 00 00 00 00 00 00 00 00 00 00
0x0000023a3b93a8b3:   00 00 00 00 00 00 00 00 00 00 00 00 00 00 00 00
0x0000023a3b93a8c3:   00 00 00 00 00 00 00 00 00 00 00 00 00 00 00 00
0x0000023a3b93a8d3:   00 00 00 00 00 00 00 00 00 00 00 00 00 00 00 00
0x0000023a3b93a8e3:   00 00 00 00 00 00 00 00 00 00 00 00 00 00 00 00
0x0000023a3b93a8f3:   00 00 00 00 00 00 00 00 00 00 00 00 00 06 00 00
0x0000023a3b93a903:   00 00 00 00 00 01 00 00 00 00 00 00 00 c8 36 29
0x0000023a3b93a913:   91 ff 7f 00 00 00 00 00 00 80 02 00 00 68 00 00
0x0000023a3b93a923:   00 ff ff ff ff 80 02 00 00 00 00 00 00 80 a9 93
0x0000023a3b93a933:   3b 3a 02 00 00 90 ab 93 3b 3a 02 00 00 80 a9 93
0x0000023a3b93a943:   3b 3a 02 00 00 90 ab 93 3b 3a 02 00 00 78 a9 93
0x0000023a3b93a953:   3b 3a 02 00 00 80 a9 93 3b 3a 02 00 00 00 00 00
0x0000023a3b93a963:   00 00 00 00 00 00 00 00 00 00 00 00 00 c0 3f 29
0x0000023a3b93a973:   91 ff 7f 00 00 71 64 13 64 3d 64 8d 60 48 8b 04
0x0000023a3b93a983:   24 4c 8b dc 48 83 ec 20 48 83 e4 f0 50 49 8b c3
0x0000023a3b93a993:   4c cb 5b 40 48 8b 50 48 4c 8b 40 40 44 8b 48 38
0x0000023a3b93a9a3:   8b 78 30 8b 70 28 8b 48 20 44 8b 68 18 4c 89 6c
0x0000023a3b93a9b3:   24 08 44 8b 68 10 4c 89 6c 24 10 4c 8b 68 08 4c
0x0000023a3b93a9c3:   89 6c 24 18 49 89 9f d8 02 00 00 48 8b c3 41 ff
0x0000023a3b93a9d3:   e3 8b 5a 08 49 ba 00 00 00 00 08 00 00 00 49 03
0x0000023a3b93a9e3:   da 48 3b 58 08 48 8b 18 0f 84 05 00 00 00 e9 8a
0x0000023a3b93a9f3:   20 f4 ff 48 81 7b 48 00 00 00 00 0f 84 43 01 00
0x0000023a3b93aa03:   00 e9 77 20 f4 ff 44 8b 53 28 41 f7 c2 08 00 00
0x0000023a3b93aa13:   00 0f 84 2c 00 00 00 4c 8b 53 08 4d 8b 52 08 4d
0x0000023a3b93aa23:   8b 52 18 41 80 ba 33 01 00 00 04 0f 84 12 00 00
0x0000023a3b93aa33:   00 4d 3b ba 38 01 00 00 0f 84 05 00 00 00 e9 3a
0x0000023a3b93aa43:   1a f4 ff 48 81 7b 48 00 00 00 00 0f 84 f3 00 00
0x0000023a3b93aa53:   00 4c 8b ec 48 8b 04 24 48 83 e4 f0 9c 48 83 ec
0x0000023a3b93aa63:   08 48 81 ec 80 00 00 00 48 89 44 24 78 48 89 4c
0x0000023a3b93aa73:   24 70 48 89 54 24 68 48 89 5c 24 60 48 89 6c 24
0x0000023a3b93aa83:   50 48 89 74 24 48 48 89 7c 24 40 4c 89 44 24 38 


Stack slot to memory mapping:
stack at sp + 0 slots: 0x0000023a3b839612 is at code_begin+1394 in an Interpreter codelet
return entry points  [0x0000023a3b8390a0, 0x0000023a3b839ba0]  2816 bytes
stack at sp + 1 slots: 0x0000023a609a2b51 is pointing into metadata
stack at sp + 2 slots: 0x00000049e5efe2b0 is pointing into the stack for thread: 0x0000023a62b702f0
stack at sp + 3 slots: 0x0000023a609a42e0 is pointing into metadata
stack at sp + 4 slots: 0x0 is NULL
stack at sp + 5 slots: 0x0000000601603378 is an oop: java.lang.Class 
{0x0000000601603378} - klass: 'java/lang/Class'
 - ---- fields (total size 19 words):
 - private volatile transient 'classRedefinedCount' 'I' @12  0
 - private volatile transient 'cachedConstructor' 'Ljava/lang/reflect/Constructor;' @40  NULL (0)
 - private transient 'name' 'Ljava/lang/String;' @44  NULL (0)
 - private transient 'module' 'Ljava/lang/Module;' @48  a 'java/lang/Module'{0x00000006016375a0} (c02c6eb4)
 - private final 'classLoader' 'Ljava/lang/ClassLoader;' @52  NULL (0)
 - private transient 'classData' 'Ljava/lang/Object;' @56  NULL (0)
 - private transient 'packageName' 'Ljava/lang/String;' @60  NULL (0)
 - private final 'componentType' 'Ljava/lang/Class;' @64  NULL (0)
 - private volatile transient 'reflectionData' 'Ljava/lang/ref/SoftReference;' @68  NULL (0)
 - private volatile transient 'genericInfo' 'Lsun/reflect/generics/repository/ClassRepository;' @72  NULL (0)
 - private volatile transient 'enumConstants' '[Ljava/lang/Object;' @76  NULL (0)
 - private volatile transient 'enumConstantDirectory' 'Ljava/util/Map;' @80  NULL (0)
 - private volatile transient 'annotationData' 'Ljava/lang/Class$AnnotationData;' @84  NULL (0)
 - private volatile transient 'annotationType' 'Lsun/reflect/annotation/AnnotationType;' @88  NULL (0)
 - transient 'classValueMap' 'Ljava/lang/ClassValue$ClassValueMap;' @92  NULL (0)
 - signature: Ljdk/internal/jimage/ImageLocation;
 - fake entry for mirror: 'jdk/internal/jimage/ImageLocation'
 - fake entry for array: NULL
 - fake entry for oop_size: 19
 - fake entry for static_oop_field_count: 0
 - public static final 'ATTRIBUTE_END' 'I' @112  0
 - public static final 'ATTRIBUTE_MODULE' 'I' @116  1
 - public static final 'ATTRIBUTE_PARENT' 'I' @120  2
 - public static final 'ATTRIBUTE_BASE' 'I' @124  3
 - public static final 'ATTRIBUTE_EXTENSION' 'I' @128  4
 - public static final 'ATTRIBUTE_OFFSET' 'I' @132  5
 - public static final 'ATTRIBUTE_COMPRESSED' 'I' @136  6
 - public static final 'ATTRIBUTE_UNCOMPRESSED' 'I' @140  7
 - public static final 'ATTRIBUTE_COUNT' 'I' @144  8
stack at sp + 6 slots: 0x0000023a3b839612 is at code_begin+1394 in an Interpreter codelet
return entry points  [0x0000023a3b8390a0, 0x0000023a3b839ba0]  2816 bytes
stack at sp + 7 slots: 0x00000006017179d8 is an oop: jdk.internal.jimage.ImageStringsReader 
{0x00000006017179d8} - klass: 'jdk/internal/jimage/ImageStringsReader'
 - ---- fields (total size 2 words):
 - private final 'reader' 'Ljdk/internal/jimage/BasicImageReader;' @12  a 'jdk/internal/jimage/ImageReader$SharedImageReader'{0x0000000601717790} (c02e2ef2)

--------------------------------------------------------------------------------
Decoding CodeBlob, name: I2C/C2I adapters, at  [0x0000023a3b93a980, 0x0000023a3b93ab90]  528 bytes
[MachCode]
  0x0000023a3b93a980: 488b 0424 | 4c8b dc48 | 83ec 2048 | 83e4 f050 | 498b c34c | cb5b 4048 | 8b50 484c | 8b40 4044 
  0x0000023a3b93a9a0: 8b48 388b | 7830 8b70 | 288b 4820 | 448b 6818 | 4c89 6c24 | 0844 8b68 | 104c 896c | 2410 4c8b 
  0x0000023a3b93a9c0: 6808 4c89 | 6c24 1849 | 899f d802 | 0000 488b | c341 ffe3 | 8b5a 0849 | ba00 0000 | 0008 0000 
  0x0000023a3b93a9e0: 0049 03da | 483b 5808 | 488b 180f | 8405 0000 | 00e9 8a20 | f4ff 4881 | 7b48 0000 | 0000 0f84 
  0x0000023a3b93aa00: 4301 0000 | e977 20f4 | ff44 8b53 | 2841 f7c2 | 0800 0000 | 0f84 2c00 | 0000 4c8b | 5308 4d8b 
  0x0000023a3b93aa20: 5208 4d8b | 5218 4180 | ba33 0100 | 0004 0f84 | 1200 0000 | 4d3b ba38 | 0100 000f | 8405 0000 
  0x0000023a3b93aa40: 00e9 3a1a | f4ff 4881 | 7b48 0000 | 0000 0f84 | f300 0000 | 4c8b ec48 | 8b04 2448 | 83e4 f09c 
  0x0000023a3b93aa60: 4883 ec08 | 4881 ec80 | 0000 0048 | 8944 2478 | 4889 4c24 | 7048 8954 | 2468 4889 | 5c24 6048 
  0x0000023a3b93aa80: 896c 2450 | 4889 7424 | 4848 897c | 2440 4c89 | 4424 384c | 894c 2430 | 4c89 5424 | 284c 895c 
  0x0000023a3b93aaa0: 2420 4c89 | 6424 184c | 896c 2410 | 4c89 7424 | 084c 893c | 2448 81ec | 800a 0000 | 480f ae04 
  0x0000023a3b93aac0: 24c5 f877 | 4883 ec20 | 488b cb48 | 8bd0 49ba | 60a0 0391 | ff7f 0000 | 41ff d248 | 83c4 20c5 
  0x0000023a3b93aae0: f877 480f | ae0c 2448 | 81c4 800a | 0000 4c8b | 3c24 4c8b | 7424 084c | 8b6c 2410 | 4c8b 6424 
  0x0000023a3b93ab00: 184c 8b5c | 2420 4c8b | 5424 284c | 8b4c 2430 | 4c8b 4424 | 3848 8b7c | 2440 488b | 7424 4848 
  0x0000023a3b93ab20: 8b6c 2450 | 488b 5c24 | 6048 8b54 | 2468 488b | 4c24 7048 | 8b44 2478 | 4881 c480 | 0000 0048 
  0x0000023a3b93ab40: 83c4 089d | 498b e558 | 4c8b ec48 | 83ec 5048 | 8904 2448 | 8954 2448 | 4c89 4424 | 4044 894c 
  0x0000023a3b93ab60: 2438 897c | 2430 8974 | 2428 894c | 2420 8b44 | 2450 4889 | 4424 188b | 4424 5848 | 8944 2410 
  0x0000023a3b93ab80: 488b 4424 | 6048 8944 | 2408 488b | 4b38 ffe1 
[/MachCode]
--------------------------------------------------------------------------------


---------------  P R O C E S S  ---------------

Threads class SMR info:
_java_thread_list=0x0000023a6133a490, length=14, elements={
0x0000023a3818a7e0, 0x0000023a60c46f60, 0x0000023a60c48050, 0x0000023a60c701a0,
0x0000023a60ca2130, 0x0000023a60ca4af0, 0x0000023a60ca54a0, 0x0000023a60ca6180,
0x0000023a60cab800, 0x0000023a60caf610, 0x0000023a60e25ee0, 0x0000023a60e417e0,
0x0000023a6102add0, 0x0000023a62b702f0
}

Java Threads: ( => current thread )
  0x0000023a3818a7e0 JavaThread "main" [_thread_blocked, id=6960, stack(0x00000049e4300000,0x00000049e4400000)]
  0x0000023a60c46f60 JavaThread "Reference Handler" daemon [_thread_blocked, id=3172, stack(0x00000049e4a00000,0x00000049e4b00000)]
  0x0000023a60c48050 JavaThread "Finalizer" daemon [_thread_blocked, id=7504, stack(0x00000049e4b00000,0x00000049e4c00000)]
  0x0000023a60c701a0 JavaThread "Signal Dispatcher" daemon [_thread_blocked, id=12076, stack(0x00000049e4c00000,0x00000049e4d00000)]
  0x0000023a60ca2130 JavaThread "Attach Listener" daemon [_thread_blocked, id=4040, stack(0x00000049e4d00000,0x00000049e4e00000)]
  0x0000023a60ca4af0 JavaThread "Service Thread" daemon [_thread_blocked, id=14160, stack(0x00000049e4e00000,0x00000049e4f00000)]
  0x0000023a60ca54a0 JavaThread "Monitor Deflation Thread" daemon [_thread_blocked, id=3200, stack(0x00000049e4f00000,0x00000049e5000000)]
  0x0000023a60ca6180 JavaThread "C2 CompilerThread0" daemon [_thread_blocked, id=9008, stack(0x00000049e5000000,0x00000049e5100000)]
  0x0000023a60cab800 JavaThread "C1 CompilerThread0" daemon [_thread_blocked, id=11600, stack(0x00000049e5100000,0x00000049e5200000)]
  0x0000023a60caf610 JavaThread "Sweeper thread" daemon [_thread_blocked, id=4636, stack(0x00000049e5200000,0x00000049e5300000)]
  0x0000023a60e25ee0 JavaThread "Notification Thread" daemon [_thread_blocked, id=12080, stack(0x00000049e5300000,0x00000049e5400000)]
  0x0000023a60e417e0 JavaThread "Common-Cleaner" daemon [_thread_blocked, id=4044, stack(0x00000049e5500000,0x00000049e5600000)]
  0x0000023a6102add0 JavaThread "C2 CompilerThread1" daemon [_thread_blocked, id=1096, stack(0x00000049e5600000,0x00000049e5700000)]
=>0x0000023a62b702f0 JavaThread "Thread-0" [_thread_in_Java, id=11260, stack(0x00000049e5e00000,0x00000049e5f00000)]

Other Threads:
  0x0000023a60c62850 VMThread "VM Thread" [stack: 0x00000049e4900000,0x00000049e4a00000] [id=10144] _threads_hazard_ptr=0x0000023a6133a490
  0x0000023a38216dd0 WatcherThread [stack: 0x00000049e5400000,0x00000049e5500000] [id=6116]
  0x0000023a381faf70 GCTaskThread "GC Thread#0" [stack: 0x00000049e4400000,0x00000049e4500000] [id=12320]
  0x0000023a6220f270 GCTaskThread "GC Thread#1" [stack: 0x00000049e5700000,0x00000049e5800000] [id=5340]
  0x0000023a6220f520 GCTaskThread "GC Thread#2" [stack: 0x00000049e5800000,0x00000049e5900000] [id=3328]
  0x0000023a6220f7d0 GCTaskThread "GC Thread#3" [stack: 0x00000049e5900000,0x00000049e5a00000] [id=14188]
  0x0000023a62206060 GCTaskThread "GC Thread#4" [stack: 0x00000049e5a00000,0x00000049e5b00000] [id=2552]
  0x0000023a62206310 GCTaskThread "GC Thread#5" [stack: 0x00000049e5b00000,0x00000049e5c00000] [id=6840]
  0x0000023a3820d5b0 ConcurrentGCThread "G1 Main Marker" [stack: 0x00000049e4500000,0x00000049e4600000] [id=1196]
  0x0000023a3820dfd0 ConcurrentGCThread "G1 Conc#0" [stack: 0x00000049e4600000,0x00000049e4700000] [id=1732]
  0x0000023a629720b0 ConcurrentGCThread "G1 Conc#1" [stack: 0x00000049e5d00000,0x00000049e5e00000] [id=14044]
  0x0000023a5ffae700 ConcurrentGCThread "G1 Refine#0" [stack: 0x00000049e4700000,0x00000049e4800000] [id=4952]
  0x0000023a5ffaf130 ConcurrentGCThread "G1 Service" [stack: 0x00000049e4800000,0x00000049e4900000] [id=9672]

Threads with active compile tasks:
C2 CompilerThread0     1056 1570       4       jdk.internal.org.objectweb.asm.Frame::execute (2305 bytes)
C2 CompilerThread1     1057 1785 %     4       java.util.Properties::loadConvert @ 8 (540 bytes)

VM state: synchronizing (normal execution)

VM Mutex/Monitor currently owned by a thread:  ([mutex/lock_event])
[0x0000023a38187910] Threads_lock - owner thread: 0x0000023a60c62850
[0x0000023a381869e0] Heap_lock - owner thread: 0x0000023a3818a7e0

Heap address: 0x0000000601400000, size: 8172 MB, Compressed Oops mode: Zero based, Oop shift amount: 3

CDS archive(s) not mapped
Compressed class space mapped at: 0x0000000800000000-0x0000000840000000, reserved size: 1073741824
Narrow klass base: 0x0000000800000000, Narrow klass shift: 0, Narrow klass range: 0x40000000

GC Precious Log:
 CPUs: 6 total, 6 available
 Memory: 32679M
 Large Page Support: Disabled
 NUMA Support: Disabled
 Compressed Oops: Enabled (Zero based)
 Heap Region Size: 4M
 Heap Min Capacity: 8M
 Heap Initial Capacity: 512M
 Heap Max Capacity: 8172M
 Pre-touch: Disabled
 Parallel Workers: 6
 Concurrent Workers: 2
 Concurrent Refinement Workers: 6
 Periodic GC: Disabled

Heap:
 garbage-first heap   total 57344K, used 32214K [0x0000000601400000, 0x0000000800000000)
  region size 4096K, 9 young (36864K), 1 survivors (4096K)
 Metaspace       used 23342K, committed 23616K, reserved 1073152K
  class space    used 2583K, committed 2688K, reserved 1048576K

Heap Regions: E=young(eden), S=young(survivor), O=old, HS=humongous(starts), HC=humongous(continues), CS=collection set, F=free, OA=open archive, CA=closed archive, TAMS=top-at-mark-start (previous, next)
|   0|0x0000000601400000, 0x0000000601800000, 0x0000000601800000|100%| O|  |TAMS 0x0000000601800000, 0x0000000601400000| Untracked 
|   1|0x0000000601800000, 0x00000006019f8000, 0x0000000601c00000| 49%| O|  |TAMS 0x00000006019f8000, 0x0000000601800000| Complete 
|   2|0x0000000601c00000, 0x0000000601c00000, 0x0000000602000000|  0%| F|  |TAMS 0x0000000601c00000, 0x0000000601c00000| Untracked 
|   3|0x0000000602000000, 0x0000000602000000, 0x0000000602400000|  0%| F|  |TAMS 0x0000000602000000, 0x0000000602000000| Untracked 
|   4|0x0000000602400000, 0x0000000602400000, 0x0000000602800000|  0%| F|  |TAMS 0x0000000602400000, 0x0000000602400000| Untracked 
|   5|0x0000000602800000, 0x0000000602bf32e8, 0x0000000602c00000| 98%| E|  |TAMS 0x0000000602800000, 0x0000000602800000| Complete 
|   6|0x0000000602c00000, 0x0000000603000000, 0x0000000603000000|100%| E|CS|TAMS 0x0000000602c00000, 0x0000000602c00000| Complete 
|   7|0x0000000603000000, 0x0000000603400000, 0x0000000603400000|100%| E|CS|TAMS 0x0000000603000000, 0x0000000603000000| Complete 
|   8|0x0000000603400000, 0x0000000603800000, 0x0000000603800000|100%| E|CS|TAMS 0x0000000603400000, 0x0000000603400000| Complete 
|   9|0x0000000603800000, 0x0000000603bf9710, 0x0000000603c00000| 99%| E|  |TAMS 0x0000000603800000, 0x0000000603800000| Complete 
|  10|0x0000000603c00000, 0x0000000604000000, 0x0000000604000000|100%| E|CS|TAMS 0x0000000603c00000, 0x0000000603c00000| Complete 
|  11|0x0000000604000000, 0x0000000604400000, 0x0000000604400000|100%| E|CS|TAMS 0x0000000604000000, 0x0000000604000000| Complete 
| 125|0x0000000620800000, 0x000000062097da20, 0x0000000620c00000| 37%| S|CS|TAMS 0x0000000620800000, 0x0000000620800000| Complete 
| 127|0x0000000621000000, 0x0000000621400000, 0x0000000621400000|100%| E|CS|TAMS 0x0000000621000000, 0x0000000621000000| Complete 

Card table byte_map: [0x0000023a4b940000,0x0000023a4c940000] _byte_map_base: 0x0000023a48936000

Marking Bits (Prev, Next): (CMBitMap*) 0x0000023a381fc5d0, (CMBitMap*) 0x0000023a381fc590
 Prev Bits: [0x0000023a558f0000, 0x0000023a5d8a0000)
 Next Bits: [0x0000023a4d940000, 0x0000023a558f0000)

Polling page: 0x0000023a36160000

Metaspace:

Usage:
  Non-class:     20.27 MB used.
      Class:      2.52 MB used.
       Both:     22.79 MB used.

Virtual space:
  Non-class space:       24.00 MB reserved,      20.44 MB ( 85%) committed,  3 nodes.
      Class space:        1.00 GB reserved,       2.62 MB ( <1%) committed,  1 nodes.
             Both:        1.02 GB reserved,      23.06 MB (  2%) committed. 

Chunk freelists:
   Non-Class:  3.37 MB
       Class:  1.38 MB
        Both:  4.75 MB

MaxMetaspaceSize: unlimited
CompressedClassSpaceSize: 1.00 GB
Initial GC threshold: 21.00 MB
Current GC threshold: 35.44 MB
CDS: off
MetaspaceReclaimPolicy: balanced
 - commit_granule_bytes: 65536.
 - commit_granule_words: 8192.
 - virtual_space_node_default_size: 1048576.
 - enlarge_chunks_in_place: 1.
 - new_chunks_are_fully_committed: 0.
 - uncommit_free_chunks: 1.
 - use_allocation_guard: 0.
 - handle_deallocations: 1.


Internal statistics:

num_allocs_failed_limit: 3.
num_arena_births: 158.
num_arena_deaths: 0.
num_vsnodes_births: 4.
num_vsnodes_deaths: 0.
num_space_committed: 369.
num_space_uncommitted: 0.
num_chunks_returned_to_freelist: 3.
num_chunks_taken_from_freelist: 641.
num_chunk_merges: 3.
num_chunk_splits: 436.
num_chunks_enlarged: 350.
num_purges: 0.
num_inconsistent_stats: 0.

CodeHeap 'non-profiled nmethods': size=120000Kb used=634Kb max_used=634Kb free=119365Kb
 bounds [0x0000023a43300000, 0x0000023a43570000, 0x0000023a4a830000]
CodeHeap 'profiled nmethods': size=120000Kb used=3446Kb max_used=3446Kb free=116554Kb
 bounds [0x0000023a3bdd0000, 0x0000023a3c130000, 0x0000023a43300000]
CodeHeap 'non-nmethods': size=5760Kb used=1171Kb max_used=1200Kb free=4588Kb
 bounds [0x0000023a3b830000, 0x0000023a3baa0000, 0x0000023a3bdd0000]
 total_blobs=2268 nmethods=1808 adapters=372
 compilation: enabled
              stopped_count=0, restarted_count=0
 full_count=0

Compilation events (20 events):
Event: 1.006 Thread 0x0000023a60cab800 1798       3       java.lang.Class::privateGetDeclaredConstructors (79 bytes)
Event: 1.006 Thread 0x0000023a60cab800 nmethod 1798 0x0000023a3c128390 code [0x0000023a3c128580, 0x0000023a3c128ae8]
Event: 1.006 Thread 0x0000023a60cab800 1799   !   3       jdk.internal.reflect.ReflectionFactory::checkInitted (100 bytes)
Event: 1.006 Thread 0x0000023a60cab800 nmethod 1799 0x0000023a3c128c90 code [0x0000023a3c128fa0, 0x0000023a3c129fe8]
Event: 1.006 Thread 0x0000023a60cab800 1800       3       java.lang.reflect.ReflectAccess::getRoot (5 bytes)
Event: 1.006 Thread 0x0000023a60cab800 nmethod 1800 0x0000023a3c12a490 code [0x0000023a3c12a640, 0x0000023a3c12a808]
Event: 1.007 Thread 0x0000023a60cab800 1801       3       jdk.internal.reflect.ReflectionFactory::copyConstructor (11 bytes)
Event: 1.007 Thread 0x0000023a60cab800 nmethod 1801 0x0000023a3c12a910 code [0x0000023a3c12aac0, 0x0000023a3c12acc8]
Event: 1.007 Thread 0x0000023a60cab800 1802       3       java.lang.reflect.ReflectAccess::copyConstructor (5 bytes)
Event: 1.007 Thread 0x0000023a60cab800 nmethod 1802 0x0000023a3c12ae10 code [0x0000023a3c12afc0, 0x0000023a3c12b108]
Event: 1.007 Thread 0x0000023a60cab800 1803       3       java.lang.reflect.Constructor::copy (72 bytes)
Event: 1.008 Thread 0x0000023a60cab800 nmethod 1803 0x0000023a3c12b210 code [0x0000023a3c12b3e0, 0x0000023a3c12b7d8]
Event: 1.012 Thread 0x0000023a60cab800 1804       3       java.util.HashMap::<init> (8 bytes)
Event: 1.012 Thread 0x0000023a60cab800 nmethod 1804 0x0000023a3c12b910 code [0x0000023a3c12bae0, 0x0000023a3c12bc28]
Event: 1.014 Thread 0x0000023a60cab800 1807       3       java.util.Arrays$ArrayItr::next (36 bytes)
Event: 1.014 Thread 0x0000023a60cab800 nmethod 1807 0x0000023a3c12bd10 code [0x0000023a3c12bec0, 0x0000023a3c12c108]
Event: 1.015 Thread 0x0000023a60cab800 1809       3       jdk.internal.org.objectweb.asm.ClassWriter::<init> (68 bytes)
Event: 1.015 Thread 0x0000023a60cab800 nmethod 1809 0x0000023a3c12c210 code [0x0000023a3c12c3e0, 0x0000023a3c12c888]
Event: 1.015 Thread 0x0000023a60cab800 1810       3       jdk.internal.org.objectweb.asm.ClassVisitor::<init> (88 bytes)
Event: 1.015 Thread 0x0000023a60cab800 nmethod 1810 0x0000023a3c12ca10 code [0x0000023a3c12cc60, 0x0000023a3c12d548]

GC Heap History (6 events):
Event: 0.592 GC heap before
{Heap before GC invocations=0 (full 0):
 garbage-first heap   total 524288K, used 24576K [0x0000000601400000, 0x0000000800000000)
  region size 4096K, 6 young (24576K), 0 survivors (0K)
 Metaspace       used 14136K, committed 14272K, reserved 1064960K
  class space    used 1405K, committed 1472K, reserved 1048576K
}
Event: 0.594 GC heap after
{Heap after GC invocations=1 (full 0):
 garbage-first heap   total 524288K, used 6361K [0x0000000601400000, 0x0000000800000000)
  region size 4096K, 1 young (4096K), 1 survivors (4096K)
 Metaspace       used 14136K, committed 14272K, reserved 1064960K
  class space    used 1405K, committed 1472K, reserved 1048576K
}
Event: 0.839 GC heap before
{Heap before GC invocations=1 (full 0):
 garbage-first heap   total 524288K, used 22745K [0x0000000601400000, 0x0000000800000000)
  region size 4096K, 6 young (24576K), 1 survivors (4096K)
 Metaspace       used 19811K, committed 19968K, reserved 1073152K
  class space    used 2093K, committed 2176K, reserved 1048576K
}
Event: 0.841 GC heap after
{Heap after GC invocations=2 (full 0):
 garbage-first heap   total 524288K, used 7566K [0x0000000601400000, 0x0000000800000000)
  region size 4096K, 1 young (4096K), 1 survivors (4096K)
 Metaspace       used 19811K, committed 19968K, reserved 1073152K
  class space    used 2093K, committed 2176K, reserved 1048576K
}
Event: 0.917 GC heap before
{Heap before GC invocations=2 (full 0):
 garbage-first heap   total 524288K, used 11662K [0x0000000601400000, 0x0000000800000000)
  region size 4096K, 3 young (12288K), 1 survivors (4096K)
 Metaspace       used 21320K, committed 21504K, reserved 1073152K
  class space    used 2300K, committed 2368K, reserved 1048576K
}
Event: 0.918 GC heap after
{Heap after GC invocations=3 (full 0):
 garbage-first heap   total 524288K, used 7638K [0x0000000601400000, 0x0000000800000000)
  region size 4096K, 1 young (4096K), 1 survivors (4096K)
 Metaspace       used 21320K, committed 21504K, reserved 1073152K
  class space    used 2300K, committed 2368K, reserved 1048576K
}

Deoptimization events (20 events):
Event: 0.947 Thread 0x0000023a3818a7e0 Uncommon trap: trap_request=0xffffff45 fr.pc=0x0000023a4334541c relative=0x00000000000001dc
Event: 0.947 Thread 0x0000023a3818a7e0 Uncommon trap: reason=unstable_if action=reinterpret pc=0x0000023a4334541c method=java.io.WinNTFileSystem.normalize(Ljava/lang/String;)Ljava/lang/String; @ 128 c2
Event: 0.947 Thread 0x0000023a3818a7e0 DEOPT PACKING pc=0x0000023a4334541c sp=0x00000049e43fe220
Event: 0.947 Thread 0x0000023a3818a7e0 DEOPT UNPACKING pc=0x0000023a3b8823a3 sp=0x00000049e43fe198 mode 2
Event: 0.947 Thread 0x0000023a3818a7e0 Uncommon trap: trap_request=0xffffff45 fr.pc=0x0000023a43328394 relative=0x00000000000006b4
Event: 0.947 Thread 0x0000023a3818a7e0 Uncommon trap: reason=unstable_if action=reinterpret pc=0x0000023a43328394 method=java.util.zip.ZipCoder.hash(Ljava/lang/String;)I @ 23 c2
Event: 0.947 Thread 0x0000023a3818a7e0 DEOPT PACKING pc=0x0000023a43328394 sp=0x00000049e43fe2f0
Event: 0.947 Thread 0x0000023a3818a7e0 DEOPT UNPACKING pc=0x0000023a3b8823a3 sp=0x00000049e43fe208 mode 2
Event: 0.947 Thread 0x0000023a3818a7e0 Uncommon trap: trap_request=0xffffff45 fr.pc=0x0000023a43326b3c relative=0x000000000000029c
Event: 0.947 Thread 0x0000023a3818a7e0 Uncommon trap: reason=unstable_if action=reinterpret pc=0x0000023a43326b3c method=java.util.zip.ZipCoder.hash(Ljava/lang/String;)I @ 23 c2
Event: 0.947 Thread 0x0000023a3818a7e0 DEOPT PACKING pc=0x0000023a43326b3c sp=0x00000049e43fe260
Event: 0.947 Thread 0x0000023a3818a7e0 DEOPT UNPACKING pc=0x0000023a3b8823a3 sp=0x00000049e43fe1f8 mode 2
Event: 0.976 Thread 0x0000023a3818a7e0 Uncommon trap: trap_request=0xffffff45 fr.pc=0x0000023a43369d6c relative=0x000000000000108c
Event: 0.976 Thread 0x0000023a3818a7e0 Uncommon trap: reason=unstable_if action=reinterpret pc=0x0000023a43369d6c method=jdk.internal.org.objectweb.asm.SymbolTable.put(Ljdk/internal/org/objectweb/asm/SymbolTable$Entry;)Ljdk/internal/org/objectweb/asm/SymbolTable$Entry; @ 13 c2
Event: 0.976 Thread 0x0000023a3818a7e0 DEOPT PACKING pc=0x0000023a43369d6c sp=0x00000049e43fcfc0
Event: 0.976 Thread 0x0000023a3818a7e0 DEOPT UNPACKING pc=0x0000023a3b8823a3 sp=0x00000049e43fcf18 mode 2
Event: 0.998 Thread 0x0000023a3818a7e0 Uncommon trap: trap_request=0xffffff45 fr.pc=0x0000023a43399a54 relative=0x0000000000000334
Event: 0.998 Thread 0x0000023a3818a7e0 Uncommon trap: reason=unstable_if action=reinterpret pc=0x0000023a43399a54 method=java.lang.String.<init>([CIILjava/lang/Void;)V @ 5 c2
Event: 0.998 Thread 0x0000023a3818a7e0 DEOPT PACKING pc=0x0000023a43399a54 sp=0x00000049e43fe680
Event: 0.998 Thread 0x0000023a3818a7e0 DEOPT UNPACKING pc=0x0000023a3b8823a3 sp=0x00000049e43fe640 mode 2

Classes unloaded (0 events):
No events

Classes redefined (0 events):
No events

Internal exceptions (20 events):
Event: 0.922 Thread 0x0000023a3818a7e0 Exception <a 'java/lang/IncompatibleClassChangeError'{0x0000000621017e80}: Found class java.lang.Object, but interface was expected> (0x0000000621017e80) 
thrown [e:\jenkins\tmp\workspace\build\src\src\hotspot\share\interpreter\linkResolver.cpp, line 833]
Event: 0.927 Thread 0x0000023a3818a7e0 Exception <a 'java/lang/ClassNotFoundException'{0x0000000621036c50}: org/springframework/context/annotation/ConfigurationClassPostProcessorCustomizer> (0x0000000621036c50) 
thrown [e:\jenkins\tmp\workspace\build\src\src\hotspot\share\classfile\systemDictionary.cpp, line 256]
Event: 0.929 Thread 0x0000023a3818a7e0 Exception <a 'java/lang/ClassNotFoundException'{0x00000006210553d0}: org/springframework/beans/factory/support/BeanDefinitionRegistryPostProcessorCustomizer> (0x00000006210553d0) 
thrown [e:\jenkins\tmp\workspace\build\src\src\hotspot\share\classfile\systemDictionary.cpp, line 256]
Event: 0.929 Thread 0x0000023a3818a7e0 Exception <a 'java/lang/ClassNotFoundException'{0x0000000621059e90}: org/springframework/beans/factory/config/BeanFactoryPostProcessorCustomizer> (0x0000000621059e90) 
thrown [e:\jenkins\tmp\workspace\build\src\src\hotspot\share\classfile\systemDictionary.cpp, line 256]
Event: 0.930 Thread 0x0000023a3818a7e0 Exception <a 'java/lang/ClassNotFoundException'{0x000000062105e7f8}: org/springframework/core/PriorityOrderedCustomizer> (0x000000062105e7f8) 
thrown [e:\jenkins\tmp\workspace\build\src\src\hotspot\share\classfile\systemDictionary.cpp, line 256]
Event: 0.930 Thread 0x0000023a3818a7e0 Exception <a 'java/lang/ClassNotFoundException'{0x0000000621061df8}: org/springframework/core/OrderedCustomizer> (0x0000000621061df8) 
thrown [e:\jenkins\tmp\workspace\build\src\src\hotspot\share\classfile\systemDictionary.cpp, line 256]
Event: 0.930 Thread 0x0000023a3818a7e0 Exception <a 'java/lang/ClassNotFoundException'{0x00000006210665b0}: org/springframework/context/ResourceLoaderAwareCustomizer> (0x00000006210665b0) 
thrown [e:\jenkins\tmp\workspace\build\src\src\hotspot\share\classfile\systemDictionary.cpp, line 256]
Event: 0.930 Thread 0x0000023a3818a7e0 Exception <a 'java/lang/ClassNotFoundException'{0x000000062106af10}: org/springframework/beans/factory/AwareCustomizer> (0x000000062106af10) 
thrown [e:\jenkins\tmp\workspace\build\src\src\hotspot\share\classfile\systemDictionary.cpp, line 256]
Event: 0.931 Thread 0x0000023a3818a7e0 Exception <a 'java/lang/ClassNotFoundException'{0x000000062106e7f8}: org/springframework/context/ApplicationStartupAwareCustomizer> (0x000000062106e7f8) 
thrown [e:\jenkins\tmp\workspace\build\src\src\hotspot\share\classfile\systemDictionary.cpp, line 256]
Event: 0.931 Thread 0x0000023a3818a7e0 Exception <a 'java/lang/ClassNotFoundException'{0x00000006210733e0}: org/springframework/beans/factory/AwareCustomizer> (0x00000006210733e0) 
thrown [e:\jenkins\tmp\workspace\build\src\src\hotspot\share\classfile\systemDictionary.cpp, line 256]
Event: 0.931 Thread 0x0000023a3818a7e0 Exception <a 'java/lang/ClassNotFoundException'{0x0000000621076ce0}: org/springframework/beans/factory/BeanClassLoaderAwareCustomizer> (0x0000000621076ce0) 
thrown [e:\jenkins\tmp\workspace\build\src\src\hotspot\share\classfile\systemDictionary.cpp, line 256]
Event: 0.931 Thread 0x0000023a3818a7e0 Exception <a 'java/lang/ClassNotFoundException'{0x000000062107b628}: org/springframework/beans/factory/AwareCustomizer> (0x000000062107b628) 
thrown [e:\jenkins\tmp\workspace\build\src\src\hotspot\share\classfile\systemDictionary.cpp, line 256]
Event: 0.931 Thread 0x0000023a3818a7e0 Exception <a 'java/lang/ClassNotFoundException'{0x000000062107ecf8}: org/springframework/context/EnvironmentAwareCustomizer> (0x000000062107ecf8) 
thrown [e:\jenkins\tmp\workspace\build\src\src\hotspot\share\classfile\systemDictionary.cpp, line 256]
Event: 0.932 Thread 0x0000023a3818a7e0 Exception <a 'java/lang/ClassNotFoundException'{0x00000006210835d8}: org/springframework/beans/factory/AwareCustomizer> (0x00000006210835d8) 
thrown [e:\jenkins\tmp\workspace\build\src\src\hotspot\share\classfile\systemDictionary.cpp, line 256]
Event: 0.946 Thread 0x0000023a3818a7e0 Exception <a 'java/lang/NoSuchMethodError'{0x00000006040251b0}: 'java.lang.Object java.lang.invoke.DirectMethodHandle$Holder.invokeVirtual(java.lang.Object, java.lang.Object, java.lang.Object)'> (0x00000006040251b0) 
thrown [e:\jenkins\tmp\workspace\build\src\src\hotspot\share\interpreter\linkResolver.cpp, line 766]
Event: 1.012 Thread 0x0000023a623724d0 Exception <a 'java/lang/NoSuchMethodError'{0x0000000603c521e0}: 'long java.lang.invoke.DirectMethodHandle$Holder.invokeSpecial(java.lang.Object, java.lang.Object)'> (0x0000000603c521e0) 
thrown [e:\jenkins\tmp\workspace\build\src\src\hotspot\share\interpreter\linkResolver.cpp, line 766]
Event: 1.013 Thread 0x0000023a623724d0 Exception <a 'java/lang/NoSuchMethodError'{0x0000000603c5d0b0}: 'long java.lang.invoke.DirectMethodHandle$Holder.invokeStatic(java.lang.Object, java.lang.Object)'> (0x0000000603c5d0b0) 
thrown [e:\jenkins\tmp\workspace\build\src\src\hotspot\share\interpreter\linkResolver.cpp, line 766]
Event: 1.013 Thread 0x0000023a623724d0 Exception <a 'java/lang/NoSuchMethodError'{0x0000000603c606b0}: 'long java.lang.invoke.DirectMethodHandle$Holder.invokeStaticInit(java.lang.Object, java.lang.Object)'> (0x0000000603c606b0) 
thrown [e:\jenkins\tmp\workspace\build\src\src\hotspot\share\interpreter\linkResolver.cpp, line 766]
Event: 1.015 Thread 0x0000023a623724d0 Exception <a 'java/lang/NoSuchMethodError'{0x0000000603c6e258}: 'long java.lang.invoke.DirectMethodHandle$Holder.invokeInterface(java.lang.Object, java.lang.Object)'> (0x0000000603c6e258) 
thrown [e:\jenkins\tmp\workspace\build\src\src\hotspot\share\interpreter\linkResolver.cpp, line 766]
Event: 1.015 Thread 0x0000023a623724d0 Exception <a 'java/lang/IncompatibleClassChangeError'{0x0000000603c717e8}: Found class java.lang.Object, but interface was expected> (0x0000000603c717e8) 
thrown [e:\jenkins\tmp\workspace\build\src\src\hotspot\share\interpreter\linkResolver.cpp, line 833]

VM Operations (20 events):
Event: 0.471 Executing VM operation: HandshakeAllThreads
Event: 0.471 Executing VM operation: HandshakeAllThreads done
Event: 0.592 Executing VM operation: G1CollectForAllocation
Event: 0.594 Executing VM operation: G1CollectForAllocation done
Event: 0.627 Executing VM operation: HandshakeAllThreads
Event: 0.627 Executing VM operation: HandshakeAllThreads done
Event: 0.740 Executing VM operation: HandshakeAllThreads
Event: 0.740 Executing VM operation: HandshakeAllThreads done
Event: 0.839 Executing VM operation: G1CollectForAllocation
Event: 0.841 Executing VM operation: G1CollectForAllocation done
Event: 0.917 Executing VM operation: CollectForMetadataAllocation
Event: 0.918 Executing VM operation: CollectForMetadataAllocation done
Event: 0.923 Executing VM operation: G1Concurrent
Event: 0.923 Executing VM operation: G1Concurrent done
Event: 0.925 Executing VM operation: G1Concurrent
Event: 0.925 Executing VM operation: G1Concurrent done
Event: 0.925 Executing VM operation: HandshakeAllThreads
Event: 0.925 Executing VM operation: HandshakeAllThreads done
Event: 0.941 Executing VM operation: HandshakeAllThreads
Event: 0.941 Executing VM operation: HandshakeAllThreads done

Events (20 events):
Event: 0.934 loading class java/util/concurrent/ConcurrentLinkedDeque$Itr done
Event: 0.939 loading class java/net/SocketException
Event: 0.939 loading class java/net/SocketException done
Event: 0.950 loading class java/util/regex/Pattern$LazyLoop
Event: 0.950 loading class java/util/regex/Pattern$Loop
Event: 0.950 loading class java/util/regex/Pattern$Loop done
Event: 0.950 loading class java/util/regex/Pattern$LazyLoop done
Event: 0.950 loading class java/util/regex/Pattern$Prolog
Event: 0.950 loading class java/util/regex/Pattern$Prolog done
Event: 0.951 loading class java/util/regex/ASCII
Event: 0.951 loading class java/util/regex/ASCII done
Event: 1.001 loading class java/util/regex/Pattern$BnM
Event: 1.001 loading class java/util/regex/Pattern$BnM done
Event: 1.001 loading class java/util/regex/Pattern$Pos
Event: 1.001 loading class java/util/regex/Pattern$Pos done
Event: 1.007 Thread 0x0000023a62b702f0 Thread added: 0x0000023a62b702f0
Event: 1.010 loading class java/time/ZoneOffset
Event: 1.010 loading class java/time/ZoneOffset done
Event: 1.012 loading class java/util/function/ToLongFunction
Event: 1.012 loading class java/util/function/ToLongFunction done


Dynamic libraries:
0x00007ff71c850000 - 0x00007ff71c85e000 	C:\Users\phili\.p2\pool\plugins\org.eclipse.justj.openjdk.hotspot.jre.full.win32.x86_64_17.0.1.v20211116-1657\jre\bin\javaw.exe
0x00007ff80cbf0000 - 0x00007ff80cde8000 	C:\WINDOWS\SYSTEM32\ntdll.dll
0x00007ff80ad70000 - 0x00007ff80ae2f000 	C:\WINDOWS\System32\KERNEL32.DLL
0x00007ff80a4d0000 - 0x00007ff80a7aa000 	C:\WINDOWS\System32\KERNELBASE.dll
0x00007ff80a300000 - 0x00007ff80a400000 	C:\WINDOWS\System32\ucrtbase.dll
0x00007fffff500000 - 0x00007fffff518000 	C:\Users\phili\.p2\pool\plugins\org.eclipse.justj.openjdk.hotspot.jre.full.win32.x86_64_17.0.1.v20211116-1657\jre\bin\jli.dll
0x00007ff80b700000 - 0x00007ff80b89d000 	C:\WINDOWS\System32\USER32.dll
0x00007ff80a4a0000 - 0x00007ff80a4c2000 	C:\WINDOWS\System32\win32u.dll
0x00007ff80c4e0000 - 0x00007ff80c50b000 	C:\WINDOWS\System32\GDI32.dll
0x00007ff80a800000 - 0x00007ff80a910000 	C:\WINDOWS\System32\gdi32full.dll
0x00007ff80a400000 - 0x00007ff80a49d000 	C:\WINDOWS\System32\msvcp_win.dll
0x00007fffff4e0000 - 0x00007fffff4f9000 	C:\Users\phili\.p2\pool\plugins\org.eclipse.justj.openjdk.hotspot.jre.full.win32.x86_64_17.0.1.v20211116-1657\jre\bin\VCRUNTIME140.dll
0x00007ff809690000 - 0x00007ff80992a000 	C:\WINDOWS\WinSxS\amd64_microsoft.windows.common-controls_6595b64144ccf1df_6.0.19041.1110_none_60b5254171f9507e\COMCTL32.dll
0x00007ff80c200000 - 0x00007ff80c29e000 	C:\WINDOWS\System32\msvcrt.dll
0x00007ff80b6d0000 - 0x00007ff80b700000 	C:\WINDOWS\System32\IMM32.DLL
0x00007fffff4d0000 - 0x00007fffff4dc000 	C:\Users\phili\.p2\pool\plugins\org.eclipse.justj.openjdk.hotspot.jre.full.win32.x86_64_17.0.1.v20211116-1657\jre\bin\vcruntime140_1.dll
0x00007fffe8540000 - 0x00007fffe85d1000 	C:\Users\phili\.p2\pool\plugins\org.eclipse.justj.openjdk.hotspot.jre.full.win32.x86_64_17.0.1.v20211116-1657\jre\bin\msvcp140.dll
0x00007fff90960000 - 0x00007fff915a6000 	C:\Users\phili\.p2\pool\plugins\org.eclipse.justj.openjdk.hotspot.jre.full.win32.x86_64_17.0.1.v20211116-1657\jre\bin\server\jvm.dll
0x00007ff80bba0000 - 0x00007ff80bc4e000 	C:\WINDOWS\System32\ADVAPI32.dll
0x00007ff80c640000 - 0x00007ff80c6dc000 	C:\WINDOWS\System32\sechost.dll
0x00007ff80c300000 - 0x00007ff80c426000 	C:\WINDOWS\System32\RPCRT4.dll
0x00007ff80ac50000 - 0x00007ff80ac58000 	C:\WINDOWS\System32\PSAPI.DLL
0x00007ffff3850000 - 0x00007ffff3859000 	C:\WINDOWS\SYSTEM32\WSOCK32.dll
0x00007ff80b9f0000 - 0x00007ff80ba5b000 	C:\WINDOWS\System32\WS2_32.dll
0x00007ffffb890000 - 0x00007ffffb8b7000 	C:\WINDOWS\SYSTEM32\WINMM.dll
0x00007ff807450000 - 0x00007ff80745a000 	C:\WINDOWS\SYSTEM32\VERSION.dll
0x00007ff8072e0000 - 0x00007ff8072f2000 	C:\WINDOWS\SYSTEM32\kernel.appcore.dll
0x00007ff804860000 - 0x00007ff80486a000 	C:\Users\phili\.p2\pool\plugins\org.eclipse.justj.openjdk.hotspot.jre.full.win32.x86_64_17.0.1.v20211116-1657\jre\bin\jimage.dll
0x00007ff809a80000 - 0x00007ff809c64000 	C:\WINDOWS\SYSTEM32\DBGHELP.DLL
0x00007ff809a40000 - 0x00007ff809a74000 	C:\WINDOWS\SYSTEM32\dbgcore.DLL
0x00007ff80abc0000 - 0x00007ff80ac42000 	C:\WINDOWS\System32\bcryptPrimitives.dll
0x00007fffff2f0000 - 0x00007fffff315000 	C:\Users\phili\.p2\pool\plugins\org.eclipse.justj.openjdk.hotspot.jre.full.win32.x86_64_17.0.1.v20211116-1657\jre\bin\java.dll
0x00007fffff2d0000 - 0x00007fffff2e8000 	C:\Users\phili\.p2\pool\plugins\org.eclipse.justj.openjdk.hotspot.jre.full.win32.x86_64_17.0.1.v20211116-1657\jre\bin\zip.dll
0x00007ff80af80000 - 0x00007ff80b6c4000 	C:\WINDOWS\System32\SHELL32.dll
0x00007ff807d70000 - 0x00007ff808503000 	C:\WINDOWS\SYSTEM32\windows.storage.dll
0x00007ff80bcf0000 - 0x00007ff80c044000 	C:\WINDOWS\System32\combase.dll
0x00007ff8095f0000 - 0x00007ff80961e000 	C:\WINDOWS\SYSTEM32\Wldp.dll
0x00007ff80c430000 - 0x00007ff80c4dd000 	C:\WINDOWS\System32\SHCORE.dll
0x00007ff80bb40000 - 0x00007ff80bb95000 	C:\WINDOWS\System32\shlwapi.dll
0x00007ff80a240000 - 0x00007ff80a25f000 	C:\WINDOWS\SYSTEM32\profapi.dll
0x00007fffff2b0000 - 0x00007fffff2c9000 	C:\Users\phili\.p2\pool\plugins\org.eclipse.justj.openjdk.hotspot.jre.full.win32.x86_64_17.0.1.v20211116-1657\jre\bin\net.dll
0x00007ff800940000 - 0x00007ff800a4a000 	C:\WINDOWS\SYSTEM32\WINHTTP.dll
0x00007ff8094f0000 - 0x00007ff80955a000 	C:\WINDOWS\system32\mswsock.dll
0x00007ffff4f40000 - 0x00007ffff4f55000 	C:\Users\phili\.p2\pool\plugins\org.eclipse.justj.openjdk.hotspot.jre.full.win32.x86_64_17.0.1.v20211116-1657\jre\bin\nio.dll
0x00007ff804800000 - 0x00007ff804810000 	C:\Users\phili\.p2\pool\plugins\org.eclipse.justj.openjdk.hotspot.jre.full.win32.x86_64_17.0.1.v20211116-1657\jre\bin\verify.dll
0x00007fffff4c0000 - 0x00007fffff4c9000 	C:\Users\phili\.p2\pool\plugins\org.eclipse.justj.openjdk.hotspot.jre.full.win32.x86_64_17.0.1.v20211116-1657\jre\bin\management.dll
0x00007fffff4b0000 - 0x00007fffff4bb000 	C:\Users\phili\.p2\pool\plugins\org.eclipse.justj.openjdk.hotspot.jre.full.win32.x86_64_17.0.1.v20211116-1657\jre\bin\management_ext.dll
0x00007fffeb500000 - 0x00007fffeb517000 	C:\WINDOWS\system32\napinsp.dll
0x00007fffeb3a0000 - 0x00007fffeb3bb000 	C:\WINDOWS\system32\pnrpnsp.dll
0x00007fffeb380000 - 0x00007fffeb395000 	C:\WINDOWS\system32\wshbth.dll
0x00007ff805020000 - 0x00007ff80503d000 	C:\WINDOWS\system32\NLAapi.dll
0x00007ff809040000 - 0x00007ff80907c000 	C:\WINDOWS\SYSTEM32\IPHLPAPI.DLL
0x00007ff809080000 - 0x00007ff80914b000 	C:\WINDOWS\SYSTEM32\DNSAPI.dll
0x00007ff80bc50000 - 0x00007ff80bc58000 	C:\WINDOWS\System32\NSI.dll
0x00007fffe8e20000 - 0x00007fffe8e32000 	C:\WINDOWS\System32\winrnr.dll
0x00007ffffe1a0000 - 0x00007ffffe1aa000 	C:\Windows\System32\rasadhlp.dll
0x00007ff8029c0000 - 0x00007ff802a40000 	C:\WINDOWS\System32\fwpuclnt.dll
0x00007ff80ab90000 - 0x00007ff80abb7000 	C:\WINDOWS\System32\bcrypt.dll

dbghelp: loaded successfully - version: 4.0.5 - missing functions: none
symbol engine: initialized successfully - sym options: 0x614 - pdb path: .;C:\Users\phili\.p2\pool\plugins\org.eclipse.justj.openjdk.hotspot.jre.full.win32.x86_64_17.0.1.v20211116-1657\jre\bin;C:\WINDOWS\SYSTEM32;C:\WINDOWS\WinSxS\amd64_microsoft.windows.common-controls_6595b64144ccf1df_6.0.19041.1110_none_60b5254171f9507e;C:\Users\phili\.p2\pool\plugins\org.eclipse.justj.openjdk.hotspot.jre.full.win32.x86_64_17.0.1.v20211116-1657\jre\bin\server

VM Arguments:
jvm_args: -Dfile.encoding=UTF-8 -XX:+ShowCodeDetailsInExceptionMessages 
java_command: org.example.TpBiblioApplication
java_class_path (initial): C:\Users\phili\OneDrive\FORMATION\FORMATION EPITA BNP 2023\Projets\ExercicesSpringData\TP-BIBLIO\target\classes;C:\Users\phili\.m2\repository\org\springframework\boot\spring-boot-starter-data-jpa\2.7.10\spring-boot-starter-data-jpa-2.7.10.jar;C:\Users\phili\.m2\repository\org\springframework\boot\spring-boot-starter-aop\2.7.10\spring-boot-starter-aop-2.7.10.jar;C:\Users\phili\.m2\repository\org\springframework\spring-aop\5.3.26\spring-aop-5.3.26.jar;C:\Users\phili\.m2\repository\org\aspectj\aspectjweaver\1.9.7\aspectjweaver-1.9.7.jar;C:\Users\phili\.m2\repository\org\springframework\boot\spring-boot-starter-jdbc\2.7.10\spring-boot-starter-jdbc-2.7.10.jar;C:\Users\phili\.m2\repository\com\zaxxer\HikariCP\4.0.3\HikariCP-4.0.3.jar;C:\Users\phili\.m2\repository\org\springframework\spring-jdbc\5.3.26\spring-jdbc-5.3.26.jar;C:\Users\phili\.m2\repository\jakarta\transaction\jakarta.transaction-api\1.3.3\jakarta.transaction-api-1.3.3.jar;C:\Users\phili\.m2\repository\jakarta\persistence\jakarta.persistence-api\2.2.3\jakarta.persistence-api-2.2.3.jar;C:\Users\phili\.m2\repository\org\hibernate\hibernate-core\5.6.15.Final\hibernate-core-5.6.15.Final.jar;C:\Users\phili\.m2\repository\org\jboss\logging\jboss-logging\3.4.3.Final\jboss-logging-3.4.3.Final.jar;C:\Users\phili\.m2\repository\net\bytebuddy\byte-buddy\1.12.23\byte-buddy-1.12.23.jar;C:\Users\phili\.m2\repository\antlr\antlr\2.7.7\antlr-2.7.7.jar;C:\Users\phili\.m2\repository\org\jboss\jandex\2.4.2.Final\jandex-2.4.2.Final.jar;C:\Users\phili\.m2\repository\com\fasterxml\classmate\1.5.1\classmate-1.5.1.jar;C:\Users\phili\.m2\repository\org\hibernate\common\hibernate-commons-annotations\5.1.2.Final\hibernate-commons-annotations-5.1.2.Final.jar;C:\Users\phili\.m2\repository\org\glassfish\jaxb\jaxb-runtime\2.3.8\jaxb-runtime-2.3.8.jar;C:\Users\phili\.m2\repository\org\glassfish\jaxb\txw2\2.3.8\txw2-2.3.8.jar;C:\Users\phili\.m2\repository\com\sun\istack\istack-commons-runtime\3.0.12\istack-common
Launcher Type: SUN_STANDARD

[Global flags]
     intx CICompilerCount                          = 3                                         {product} {ergonomic}
     uint ConcGCThreads                            = 2                                         {product} {ergonomic}
     uint G1ConcRefinementThreads                  = 6                                         {product} {ergonomic}
   size_t G1HeapRegionSize                         = 4194304                                   {product} {ergonomic}
    uintx GCDrainStackTargetSize                   = 64                                        {product} {ergonomic}
   size_t InitialHeapSize                          = 536870912                                 {product} {ergonomic}
   size_t MarkStackSize                            = 4194304                                   {product} {ergonomic}
   size_t MaxHeapSize                              = 8568963072                                {product} {ergonomic}
   size_t MaxNewSize                               = 5138022400                                {product} {ergonomic}
   size_t MinHeapDeltaBytes                        = 4194304                                   {product} {ergonomic}
   size_t MinHeapSize                              = 8388608                                   {product} {ergonomic}
    uintx NonNMethodCodeHeapSize                   = 5832780                                {pd product} {ergonomic}
    uintx NonProfiledCodeHeapSize                  = 122912730                              {pd product} {ergonomic}
    uintx ProfiledCodeHeapSize                     = 122912730                              {pd product} {ergonomic}
    uintx ReservedCodeCacheSize                    = 251658240                              {pd product} {ergonomic}
     bool SegmentedCodeCache                       = true                                      {product} {ergonomic}
     bool ShowCodeDetailsInExceptionMessages       = true                                   {manageable} {command line}
   size_t SoftMaxHeapSize                          = 8568963072                             {manageable} {ergonomic}
     bool UseCompressedClassPointers               = true                           {product lp64_product} {ergonomic}
     bool UseCompressedOops                        = true                           {product lp64_product} {ergonomic}
     bool UseG1GC                                  = true                                      {product} {ergonomic}
     bool UseLargePagesIndividualAllocation        = false                                  {pd product} {ergonomic}

Logging:
Log output configuration:
 #0: stdout all=warning uptime,level,tags
 #1: stderr all=off uptime,level,tags

Environment Variables:
PATH=C:/Users/phili/.p2/pool/plugins/org.eclipse.justj.openjdk.hotspot.jre.full.win32.x86_64_17.0.1.v20211116-1657/jre/bin/server;C:/Users/phili/.p2/pool/plugins/org.eclipse.justj.openjdk.hotspot.jre.full.win32.x86_64_17.0.1.v20211116-1657/jre/bin;C:\Program Files\Common Files\Oracle\Java\javapath;C:\Program Files (x86)\Common Files\Oracle\Java\javapath;C:\Program Files\Oculus\Support\oculus-runtime;C:\Windows\system32;C:\Windows;C:\Windows\System32\Wbem;C:\Windows\System32\WindowsPowerShell\v1.0\;C:\Windows\System32\OpenSSH\;C:\Program Files (x86)\Intel\Intel(R) Management Engine Components\DAL;C:\Program Files\Intel\Intel(R) Management Engine Components\DAL;C:\Program Files (x86)\NVIDIA Corporation\PhysX\Common;C:\Program Files\NVIDIA Corporation\NVIDIA NvDLISR;C:\WINDOWS\system32;C:\WINDOWS;C:\WINDOWS\System32\Wbem;C:\WINDOWS\System32\WindowsPowerShell\v1.0\;C:\WINDOWS\System32\OpenSSH\;C:\Program Files\Git\cmd;C:\Users\phili\AppData\Local\Microsoft\WindowsApps;C:\Users\phili\AppData\Local\Programs\Microsoft VS Code\bin;C:\WINDOWS\system32;
USERNAME=phili
OS=Windows_NT
PROCESSOR_IDENTIFIER=Intel64 Family 6 Model 158 Stepping 10, GenuineIntel



---------------  S Y S T E M  ---------------

OS:
 Windows 10 , 64 bit Build 19041 (10.0.19041.2788)
OS uptime: 0 days 1:59 hours

CPU: total 6 (initial active 6) (6 cores per cpu, 1 threads per core) family 6 model 158 stepping 10 microcode 0xb4, cx8, cmov, fxsr, mmx, 3dnowpref, sse, sse2, sse3, ssse3, sse4.1, sse4.2, popcnt, lzcnt, tsc, tscinvbit, avx, avx2, aes, erms, clmul, bmi1, bmi2, adx, fma, vzeroupper, clflush, clflushopt

Memory: 4k page, system-wide physical 32679M (22007M free)
TotalPageFile size 37543M (AvailPageFile size 24021M)
current process WorkingSet (physical memory assigned to process): 125M, peak: 127M
current process commit charge ("private bytes"): 171M, peak: 640M

vm_info: OpenJDK 64-Bit Server VM (17.0.1+12) for windows-amd64 JRE (17.0.1+12), built on Oct 20 2021 07:42:55 by "" with MS VC++ 16.7 (VS2019)

END.
